<?xml version="1.0" encoding="UTF-8"?>
<testng-results ignored="0" total="1" passed="1" failed="0" skipped="0">
  <reporter-output>
  </reporter-output>
  <suite started-at="2021-06-22T21:28:33 EDT" name="Default suite" finished-at="2021-06-22T21:28:38 EDT" duration-ms="4744">
    <groups>
    </groups>
    <test started-at="2021-06-22T21:28:33 EDT" name="Default test" finished-at="2021-06-22T21:28:38 EDT" duration-ms="4744">
      <class name="test.Google">
        <test-method signature="titleValidation()[pri:0, instance:test.Google@7c469c48]" started-at="2021-06-22T21:28:33 EDT" name="titleValidation" finished-at="2021-06-22T21:28:38 EDT" duration-ms="4688" status="PASS">
          <reporter-output>
          </reporter-output>
        </test-method> <!-- titleValidation -->
      </class> <!-- test.Google -->
    </test> <!-- Default test -->
  </suite> <!-- Default suite -->
</testng-results>
